2026/03/08 23:39:48 ✅ SQLite数据库连接成功: ./data/email-smoke.db
2026/03/08 23:39:48 🔄 开始数据库迁移...
2026/03/08 23:39:48 ✅ 数据库迁移完成
2026/03/08 23:39:48 🔄 初始化默认数据...
2026/03/08 23:39:48 ✅ 默认数据初始化完成
2026/03/08 23:39:48 SMTP服务已初始化: 127.0.0.1:2587
2026/03/08 23:39:48 IMAP服务已初始化: 127.0.0.1:2993
2026/03/08 23:39:48 SMS服务已初始化: mock
2026/03/08 23:39:48 存储服务已初始化: ./data/uploads
2026/03/08 23:39:48 邮件解析器已初始化
2026/03/08 23:39:48 ✅ 服务上下文初始化成功
2026/03/08 23:39:48 ✅ 路由设置完成
2026/03/08 23:39:48 ⚠️  MSA服务器未配置TLS证书，将允许不安全的认证
2026/03/08 23:39:48 🚀 启动邮件服务器...
2026/03/08 23:39:48 📧 SMTP接收服务器 (MTA): localhost:2525 - 用于接收外部邮件
2026/03/08 23:39:48 📤 SMTP提交服务器 (MSA): localhost:2587 - 用于用户认证提交
2026/03/08 23:39:48 📬 IMAP服务器: localhost:2993
2026/03/08 23:39:48 🌐 域名: email.host
2026/03/08 23:39:48 ⚠️  外部邮件应连接到端口2525，用户提交应连接到端口2587
2026/03/08 23:39:48 ⚠️ SMTP接收服务器(MTA) (非TLS) 启动成功，监听端口: 2525
2026/03/08 23:39:48 🌐 SMTP域名: email.host
2026/03/08 23:39:48 ⚠️ SMTP提交服务器(MSA) (非TLS) 启动成功，监听端口: 2587
2026/03/08 23:39:48 🌐 SMTP域名: email.host
2026/03/08 23:39:48 ⚠️ IMAP服务器 (非TLS) 启动成功，监听端口: 2993
2026/03/08 23:39:48 ✅ 邮件服务器启动完成
2026/03/08 23:39:48 💡 使用说明:
2026/03/08 23:39:48    - 外部邮件服务器发送到: localhost:2525 (无需认证)
2026/03/08 23:39:48    - 用户邮件客户端连接: localhost:2587 (需要认证)
2026/03/08 23:39:48    - IMAP邮件访问: localhost:2993
2026/03/08 23:39:48 📧 新SMTP连接来自: 127.0.0.1:44545 [MSA(提交)]
2026/03/08 23:39:48 🔒 MSA服务器要求认证
2026/03/08 23:39:48 ✅ 会话创建成功，支持认证接口: true
2026/03/08 23:39:48 🔐 AuthMechanisms被调用 [MSA(提交)]: 返回支持的认证机制 [PLAIN LOGIN]
2026/03/08 23:39:48 🔐 Auth方法被调用 [MSA(提交)]: 请求认证机制 PLAIN
2026/03/08 23:39:48 🔐 PLAIN认证请求 [MSA(提交)]: identity=, username=test@email.host
2026/03/08 23:39:48 ✅ 邮箱凭据验证成功: test@email.host
2026/03/08 23:39:48 ✅ PLAIN认证成功: test@email.host [MSA(提交)]
2026/03/08 23:39:48 👋 SMTP会话注销 [MSA(提交)]
2026/03/08 23:39:48 SMTP连接测试成功
2026/03/08 23:39:48 IMAP登录尝试: test@email.host
2026/03/08 23:39:48 ✅ 邮箱凭据验证成功: test@email.host
2026/03/08 23:39:48 IMAP登录成功: test@email.host
2026/03/08 23:39:48 IMAP会话关闭: test@email.host
2026/03/08 23:39:48 IMAP连接测试成功
2026/03/08 23:39:48 SMS配置检查通过
2026/03/08 23:39:48 存储服务测试成功: map[allowExts:[jpg jpeg png gif pdf doc docx xls xlsx txt zip] basePath:./data/uploads fileCount:0 maxSize:10485760 totalSize:0]
2026/03/08 23:39:48 服务 smtp 连接成功
2026/03/08 23:39:48 服务 imap 连接成功
2026/03/08 23:39:48 服务 sms 连接成功
2026/03/08 23:39:48 服务 storage 连接成功
2026/03/08 23:39:48 🚀 邮件管理系统启动成功
2026/03/08 23:39:48 📱 管理端: http://localhost:18080/admin
2026/03/08 23:39:48 👤 用户端: http://localhost:18080/user
2026/03/08 23:39:48 🔗 API文档: http://localhost:18080/api/docs
2026/03/08 23:40:30 IMAP登录尝试: test@email.host
2026/03/08 23:40:30 ✅ 邮箱凭据验证成功: test@email.host
2026/03/08 23:40:30 IMAP登录成功: test@email.host
2026/03/08 23:40:30 选择邮箱: INBOX, 用户: test@email.host
2026/03/08 23:40:30 🔍 GetMails: 查询邮箱=test@email.host, 文件夹=INBOX
2026/03/08 23:40:30 ✅ 找到邮箱: ID=1, Email=test@email.host
2026/03/08 23:40:30 ✅ 找到文件夹: ID=1, Name=INBOX
2026/03/08 23:40:30 📧 查询到 6 封邮件
2026/03/08 23:40:30 获取邮件: 用户=test@email.host, 邮箱=INBOX
2026/03/08 23:40:30 🔍 GetMails: 查询邮箱=test@email.host, 文件夹=INBOX
2026/03/08 23:40:30 ✅ 找到邮箱: ID=1, Email=test@email.host
2026/03/08 23:40:30 ✅ 找到文件夹: ID=1, Name=INBOX
2026/03/08 23:40:30 📧 查询到 6 封邮件
2026/03/08 23:40:30 轮询邮箱更新: INBOX, 用户: test@email.host
2026/03/08 23:40:30 IMAP会话关闭: test@email.host
2026/03/08 23:40:30 IMAP登录尝试: test@email.host
2026/03/08 23:40:30 ✅ 邮箱凭据验证成功: test@email.host
2026/03/08 23:40:30 IMAP登录成功: test@email.host
2026/03/08 23:40:30 选择邮箱: INBOX, 用户: test@email.host
2026/03/08 23:40:30 🔍 GetMails: 查询邮箱=test@email.host, 文件夹=INBOX
2026/03/08 23:40:30 ✅ 找到邮箱: ID=1, Email=test@email.host
2026/03/08 23:40:30 ✅ 找到文件夹: ID=1, Name=INBOX
2026/03/08 23:40:30 📧 查询到 6 封邮件
2026/03/08 23:40:30 获取邮件: 用户=test@email.host, 邮箱=INBOX
2026/03/08 23:40:30 🔍 GetMails: 查询邮箱=test@email.host, 文件夹=INBOX
2026/03/08 23:40:30 ✅ 找到邮箱: ID=1, Email=test@email.host
2026/03/08 23:40:30 ✅ 找到文件夹: ID=1, Name=INBOX
2026/03/08 23:40:30 📧 查询到 6 封邮件
2026/03/08 23:40:30 轮询邮箱更新: INBOX, 用户: test@email.host
2026/03/08 23:40:30 IMAP会话关闭: test@email.host
2026/03/08 23:40:30 📧 新SMTP连接来自: 127.0.0.1:21113 [MSA(提交)]
2026/03/08 23:40:30 🔒 MSA服务器要求认证
2026/03/08 23:40:30 ✅ 会话创建成功，支持认证接口: true
2026/03/08 23:40:30 🔐 AuthMechanisms被调用 [MSA(提交)]: 返回支持的认证机制 [PLAIN LOGIN]
2026/03/08 23:40:30 🔐 Auth方法被调用 [MSA(提交)]: 请求认证机制 PLAIN
2026/03/08 23:40:30 🔐 PLAIN认证请求 [MSA(提交)]: identity=, username=test@email.host
2026/03/08 23:40:30 ✅ 邮箱凭据验证成功: test@email.host
2026/03/08 23:40:30 ✅ PLAIN认证成功: test@email.host [MSA(提交)]
2026/03/08 23:40:30 📤 MAIL FROM: test@email.host [MSA(提交)]
2026/03/08 23:40:30 🔍 验证发件人权限: test@email.host (认证用户: test@email.host)
2026/03/08 23:40:30 ✅ 发件人设置成功: test@email.host [MSA(提交)]
2026/03/08 23:40:30 📥 RCPT TO: test@email.host [MSA(提交)]
2026/03/08 23:40:30 ✅ 收件人添加成功: test@email.host (总数: 1) [MSA(提交)]
2026/03/08 23:40:30 📨 开始接收邮件数据... [MSA(提交)]
2026/03/08 23:40:30 📊 邮件数据大小: 19 字节 [MSA(提交)]
2026/03/08 23:40:30 📤 处理用户提交邮件: Smoke dedupe user 1772984429
2026/03/08 23:40:30 ✅ 邮箱存在于数据库: test@email.host
2026/03/08 23:40:30 📬 本地收件人: [test@email.host]
2026/03/08 23:40:30 🌐 外部收件人: []
2026/03/08 23:40:30 🎯 StoreMail: 开始存储邮件, From=test@email.host, To=[test@email.host], Subject=Smoke dedupe user 1772984429
2026/03/08 23:40:30 🔍 处理收件人: test@email.host
2026/03/08 23:40:30 ✅ 找到收件人邮箱: ID=1, Email=test@email.host, UserId=1
2026/03/08 23:40:30 ✅ 邮件已存储到邮箱: test@email.host (ID: 1), 文件夹: INBOX (ID: 1)
2026/03/08 23:40:30 ✅ 本地邮件存储成功: <1772984430.334446800@email.host>
2026/03/08 23:40:30 ✅ 邮件处理完成 [MSA(提交)] - 本地:1, 外部:0
2026/03/08 23:40:30 🔄 重置SMTP会话状态 [MSA(提交)]
2026/03/08 23:40:30 👋 SMTP会话注销 [MSA(提交)]
2026/03/08 23:40:30 📧 新SMTP连接来自: 127.0.0.1:35212 [MSA(提交)]
2026/03/08 23:40:30 🔒 MSA服务器要求认证
2026/03/08 23:40:30 ✅ 会话创建成功，支持认证接口: true
2026/03/08 23:40:30 🔐 AuthMechanisms被调用 [MSA(提交)]: 返回支持的认证机制 [PLAIN LOGIN]
2026/03/08 23:40:30 🔐 Auth方法被调用 [MSA(提交)]: 请求认证机制 PLAIN
2026/03/08 23:40:30 🔐 PLAIN认证请求 [MSA(提交)]: identity=, username=test@email.host
2026/03/08 23:40:30 ✅ 邮箱凭据验证成功: test@email.host
2026/03/08 23:40:30 ✅ PLAIN认证成功: test@email.host [MSA(提交)]
2026/03/08 23:40:30 📤 MAIL FROM: test@email.host [MSA(提交)]
2026/03/08 23:40:30 🔍 验证发件人权限: test@email.host (认证用户: test@email.host)
2026/03/08 23:40:30 ✅ 发件人设置成功: test@email.host [MSA(提交)]
2026/03/08 23:40:30 📥 RCPT TO: test@email.host [MSA(提交)]
2026/03/08 23:40:30 ✅ 收件人添加成功: test@email.host (总数: 1) [MSA(提交)]
2026/03/08 23:40:30 📨 开始接收邮件数据... [MSA(提交)]
2026/03/08 23:40:30 📊 邮件数据大小: 18 字节 [MSA(提交)]
2026/03/08 23:40:30 📤 处理用户提交邮件: Smoke dedupe api 1772984429
2026/03/08 23:40:30 ✅ 邮箱存在于数据库: test@email.host
2026/03/08 23:40:30 📬 本地收件人: [test@email.host]
2026/03/08 23:40:30 🌐 外部收件人: []
2026/03/08 23:40:30 🎯 StoreMail: 开始存储邮件, From=test@email.host, To=[test@email.host], Subject=Smoke dedupe api 1772984429
2026/03/08 23:40:30 🔍 处理收件人: test@email.host
2026/03/08 23:40:30 ✅ 找到收件人邮箱: ID=1, Email=test@email.host, UserId=1
2026/03/08 23:40:30 ✅ 邮件已存储到邮箱: test@email.host (ID: 1), 文件夹: INBOX (ID: 1)
2026/03/08 23:40:30 ✅ 本地邮件存储成功: <1772984430.423899900@email.host>
2026/03/08 23:40:30 ✅ 邮件处理完成 [MSA(提交)] - 本地:1, 外部:0
2026/03/08 23:40:30 🔄 重置SMTP会话状态 [MSA(提交)]
2026/03/08 23:40:30 👋 SMTP会话注销 [MSA(提交)]
2026/03/08 23:40:30 IMAP登录尝试: test@email.host
2026/03/08 23:40:30 ✅ 邮箱凭据验证成功: test@email.host
2026/03/08 23:40:30 IMAP登录成功: test@email.host
2026/03/08 23:40:30 选择邮箱: INBOX, 用户: test@email.host
2026/03/08 23:40:30 🔍 GetMails: 查询邮箱=test@email.host, 文件夹=INBOX
2026/03/08 23:40:30 ✅ 找到邮箱: ID=1, Email=test@email.host
2026/03/08 23:40:30 ✅ 找到文件夹: ID=1, Name=INBOX
2026/03/08 23:40:30 📧 查询到 8 封邮件
2026/03/08 23:40:30 获取邮件: 用户=test@email.host, 邮箱=INBOX
2026/03/08 23:40:30 🔍 GetMails: 查询邮箱=test@email.host, 文件夹=INBOX
2026/03/08 23:40:30 ✅ 找到邮箱: ID=1, Email=test@email.host
2026/03/08 23:40:30 ✅ 找到文件夹: ID=1, Name=INBOX
2026/03/08 23:40:30 📧 查询到 8 封邮件
2026/03/08 23:40:30 轮询邮箱更新: INBOX, 用户: test@email.host
2026/03/08 23:40:30 IMAP会话关闭: test@email.host
2026/03/08 23:40:30 IMAP登录尝试: test@email.host
2026/03/08 23:40:30 ✅ 邮箱凭据验证成功: test@email.host
2026/03/08 23:40:30 IMAP登录成功: test@email.host
2026/03/08 23:40:30 选择邮箱: INBOX, 用户: test@email.host
2026/03/08 23:40:30 🔍 GetMails: 查询邮箱=test@email.host, 文件夹=INBOX
2026/03/08 23:40:30 ✅ 找到邮箱: ID=1, Email=test@email.host
2026/03/08 23:40:30 ✅ 找到文件夹: ID=1, Name=INBOX
2026/03/08 23:40:30 📧 查询到 8 封邮件
2026/03/08 23:40:30 获取邮件: 用户=test@email.host, 邮箱=INBOX
2026/03/08 23:40:30 🔍 GetMails: 查询邮箱=test@email.host, 文件夹=INBOX
2026/03/08 23:40:30 ✅ 找到邮箱: ID=1, Email=test@email.host
2026/03/08 23:40:30 ✅ 找到文件夹: ID=1, Name=INBOX
2026/03/08 23:40:30 📧 查询到 8 封邮件
2026/03/08 23:40:30 轮询邮箱更新: INBOX, 用户: test@email.host
2026/03/08 23:40:30 IMAP会话关闭: test@email.host
2026/03/09 01:00:06 🛑 收到退出信号，正在关闭服务器...
2026/03/09 01:00:06 🛑 停止邮件服务器...
2026/03/09 01:00:06 🛑 正在关闭SMTP接收服务器(MTA)...
2026/03/09 01:00:06 🛑 正在关闭SMTP提交服务器(MSA)...
2026/03/09 01:00:06 IMAP服务器收到停止信号
2026/03/09 01:00:06 ✅ IMAP服务器已停止
2026/03/09 01:00:06 ✅ 邮件服务器已停止
2026/03/09 01:00:06 ✅ 服务器已安全关闭
