[GIN-debug] [WARNING] Creating an Engine instance with the Logger and Recovery middleware already attached.

[GIN-debug] [WARNING] Running in "debug" mode. Switch to "release" mode in production.
 - using env:	export GIN_MODE=release
 - using code:	gin.SetMode(gin.ReleaseMode)


2026/03/16 15:56:53 [32mC:/Users/Lusheng/GolandProjects/new-email/internal/svc/service_context.go:194
[0m[33m[0.550ms] [34;1m[rows:-][0m SELECT count(*) FROM sqlite_master WHERE type='table' AND name="user"

2026/03/16 15:56:53 [32mC:/Users/Lusheng/GolandProjects/new-email/internal/svc/service_context.go:194
[0m[33m[0.000ms] [34;1m[rows:3][0m SELECT sql FROM sqlite_master WHERE type IN ("table","index") AND tbl_name = "user" AND sql IS NOT NULL order by type = "table" desc

2026/03/16 15:56:53 [32mC:/Users/Lusheng/GolandProjects/new-email/internal/svc/service_context.go:194
[0m[33m[0.000ms] [34;1m[rows:-][0m SELECT * FROM `user` LIMIT 1

2026/03/16 15:56:53 [32mC:/Users/Lusheng/GolandProjects/new-email/internal/svc/service_context.go:194
[0m[33m[0.000ms] [34;1m[rows:-][0m SELECT count(*) FROM sqlite_master WHERE type = "index" AND tbl_name = "user" AND name = "idx_user_username"

2026/03/16 15:56:53 [32mC:/Users/Lusheng/GolandProjects/new-email/internal/svc/service_context.go:194
[0m[33m[0.000ms] [34;1m[rows:-][0m SELECT count(*) FROM sqlite_master WHERE type = "index" AND tbl_name = "user" AND name = "idx_user_email"

2026/03/16 15:56:53 [32mC:/Users/Lusheng/GolandProjects/new-email/internal/svc/service_context.go:194
[0m[33m[0.000ms] [34;1m[rows:-][0m SELECT count(*) FROM sqlite_master WHERE type='table' AND name="admin"

2026/03/16 15:56:53 [32mC:/Users/Lusheng/GolandProjects/new-email/internal/svc/service_context.go:194
[0m[33m[0.564ms] [34;1m[rows:4][0m SELECT sql FROM sqlite_master WHERE type IN ("table","index") AND tbl_name = "admin" AND sql IS NOT NULL order by type = "table" desc

2026/03/16 15:56:53 [32mC:/Users/Lusheng/GolandProjects/new-email/internal/svc/service_context.go:194
[0m[33m[0.000ms] [34;1m[rows:-][0m SELECT * FROM `admin` LIMIT 1

2026/03/16 15:56:53 [32mC:/Users/Lusheng/GolandProjects/new-email/internal/svc/service_context.go:194
[0m[33m[0.000ms] [34;1m[rows:-][0m SELECT count(*) FROM sqlite_master WHERE type = "index" AND tbl_name = "admin" AND name = "idx_admin_email"

2026/03/16 15:56:53 [32mC:/Users/Lusheng/GolandProjects/new-email/internal/svc/service_context.go:194
[0m[33m[0.000ms] [34;1m[rows:-][0m SELECT count(*) FROM sqlite_master WHERE type = "index" AND tbl_name = "admin" AND name = "idx_admin_deleted_at"

2026/03/16 15:56:53 [32mC:/Users/Lusheng/GolandProjects/new-email/internal/svc/service_context.go:194
[0m[33m[0.000ms] [34;1m[rows:-][0m SELECT count(*) FROM sqlite_master WHERE type = "index" AND tbl_name = "admin" AND name = "idx_admin_username"

2026/03/16 15:56:53 [32mC:/Users/Lusheng/GolandProjects/new-email/internal/svc/service_context.go:194
[0m[33m[0.000ms] [34;1m[rows:-][0m SELECT count(*) FROM sqlite_master WHERE type='table' AND name="domain"

2026/03/16 15:56:53 [32mC:/Users/Lusheng/GolandProjects/new-email/internal/svc/service_context.go:194
[0m[33m[0.000ms] [34;1m[rows:3][0m SELECT sql FROM sqlite_master WHERE type IN ("table","index") AND tbl_name = "domain" AND sql IS NOT NULL order by type = "table" desc

2026/03/16 15:56:53 [32mC:/Users/Lusheng/GolandProjects/new-email/internal/svc/service_context.go:194
[0m[33m[0.000ms] [34;1m[rows:-][0m SELECT * FROM `domain` LIMIT 1

2026/03/16 15:56:53 [32mC:/Users/Lusheng/GolandProjects/new-email/internal/svc/service_context.go:194
[0m[33m[0.000ms] [34;1m[rows:-][0m SELECT count(*) FROM sqlite_master WHERE type = "index" AND tbl_name = "domain" AND name = "idx_domain_name"

2026/03/16 15:56:53 [32mC:/Users/Lusheng/GolandProjects/new-email/internal/svc/service_context.go:194
[0m[33m[0.000ms] [34;1m[rows:-][0m SELECT count(*) FROM sqlite_master WHERE type = "index" AND tbl_name = "domain" AND name = "idx_domain_deleted_at"

2026/03/16 15:56:53 [32mC:/Users/Lusheng/GolandProjects/new-email/internal/svc/service_context.go:194
[0m[33m[0.000ms] [34;1m[rows:-][0m SELECT count(*) FROM sqlite_master WHERE type='table' AND name="mailbox"

2026/03/16 15:56:53 [32mC:/Users/Lusheng/GolandProjects/new-email/internal/svc/service_context.go:194
[0m[33m[0.000ms] [34;1m[rows:5][0m SELECT sql FROM sqlite_master WHERE type IN ("table","index") AND tbl_name = "mailbox" AND sql IS NOT NULL order by type = "table" desc

2026/03/16 15:56:53 [32mC:/Users/Lusheng/GolandProjects/new-email/internal/svc/service_context.go:194
[0m[33m[0.000ms] [34;1m[rows:-][0m SELECT * FROM `mailbox` LIMIT 1

2026/03/16 15:56:53 [32mC:/Users/Lusheng/GolandProjects/new-email/internal/svc/service_context.go:194
[0m[33m[0.000ms] [34;1m[rows:-][0m SELECT count(*) FROM sqlite_master WHERE type = "index" AND tbl_name = "mailbox" AND name = "idx_mailbox_user_id"

2026/03/16 15:56:53 [32mC:/Users/Lusheng/GolandProjects/new-email/internal/svc/service_context.go:194
[0m[33m[0.000ms] [34;1m[rows:-][0m SELECT count(*) FROM sqlite_master WHERE type = "index" AND tbl_name = "mailbox" AND name = "idx_mailbox_domain_id"

2026/03/16 15:56:53 [32mC:/Users/Lusheng/GolandProjects/new-email/internal/svc/service_context.go:194
[0m[33m[0.000ms] [34;1m[rows:-][0m SELECT count(*) FROM sqlite_master WHERE type = "index" AND tbl_name = "mailbox" AND name = "idx_mailbox_email"

2026/03/16 15:56:53 [32mC:/Users/Lusheng/GolandProjects/new-email/internal/svc/service_context.go:194
[0m[33m[0.000ms] [34;1m[rows:-][0m SELECT count(*) FROM sqlite_master WHERE type = "index" AND tbl_name = "mailbox" AND name = "idx_mailbox_deleted_at"

2026/03/16 15:56:53 [32mC:/Users/Lusheng/GolandProjects/new-email/internal/svc/service_context.go:194
[0m[33m[0.000ms] [34;1m[rows:-][0m SELECT count(*) FROM sqlite_master WHERE type='table' AND name="folders"

2026/03/16 15:56:53 [32mC:/Users/Lusheng/GolandProjects/new-email/internal/svc/service_context.go:194
[0m[33m[0.000ms] [34;1m[rows:3][0m SELECT sql FROM sqlite_master WHERE type IN ("table","index") AND tbl_name = "folders" AND sql IS NOT NULL order by type = "table" desc

2026/03/16 15:56:53 [32mC:/Users/Lusheng/GolandProjects/new-email/internal/svc/service_context.go:194
[0m[33m[0.000ms] [34;1m[rows:-][0m SELECT * FROM `folders` LIMIT 1

2026/03/16 15:56:53 [32mC:/Users/Lusheng/GolandProjects/new-email/internal/svc/service_context.go:194
[0m[33m[0.000ms] [34;1m[rows:-][0m SELECT count(*) FROM sqlite_master WHERE type = "index" AND tbl_name = "folders" AND name = "idx_folders_deleted_at"

2026/03/16 15:56:53 [32mC:/Users/Lusheng/GolandProjects/new-email/internal/svc/service_context.go:194
[0m[33m[0.530ms] [34;1m[rows:-][0m SELECT count(*) FROM sqlite_master WHERE type = "index" AND tbl_name = "folders" AND name = "idx_mailbox_id_name_parent_id"

2026/03/16 15:56:53 [32mC:/Users/Lusheng/GolandProjects/new-email/internal/svc/service_context.go:194
[0m[33m[0.000ms] [34;1m[rows:-][0m SELECT count(*) FROM sqlite_master WHERE type='table' AND name="email"

2026/03/16 15:56:53 [32mC:/Users/Lusheng/GolandProjects/new-email/internal/svc/service_context.go:194
[0m[33m[0.000ms] [34;1m[rows:7][0m SELECT sql FROM sqlite_master WHERE type IN ("table","index") AND tbl_name = "email" AND sql IS NOT NULL order by type = "table" desc

2026/03/16 15:56:53 [32mC:/Users/Lusheng/GolandProjects/new-email/internal/svc/service_context.go:194
[0m[33m[0.000ms] [34;1m[rows:-][0m SELECT * FROM `email` LIMIT 1

2026/03/16 15:56:53 [32mC:/Users/Lusheng/GolandProjects/new-email/internal/svc/service_context.go:194
[0m[33m[0.000ms] [34;1m[rows:-][0m SELECT count(*) FROM sqlite_master WHERE type = "index" AND tbl_name = "email" AND name = "idx_email_user_id"

2026/03/16 15:56:53 [32mC:/Users/Lusheng/GolandProjects/new-email/internal/svc/service_context.go:194
[0m[33m[0.000ms] [34;1m[rows:-][0m SELECT count(*) FROM sqlite_master WHERE type = "index" AND tbl_name = "email" AND name = "idx_email_mailbox_id"

2026/03/16 15:56:53 [32mC:/Users/Lusheng/GolandProjects/new-email/internal/svc/service_context.go:194
[0m[33m[0.000ms] [34;1m[rows:-][0m SELECT count(*) FROM sqlite_master WHERE type = "index" AND tbl_name = "email" AND name = "idx_email_message_id"

2026/03/16 15:56:53 [32mC:/Users/Lusheng/GolandProjects/new-email/internal/svc/service_context.go:194
[0m[33m[0.000ms] [34;1m[rows:-][0m SELECT count(*) FROM sqlite_master WHERE type = "index" AND tbl_name = "email" AND name = "idx_email_from_email"

2026/03/16 15:56:53 [32mC:/Users/Lusheng/GolandProjects/new-email/internal/svc/service_context.go:194
[0m[33m[0.000ms] [34;1m[rows:-][0m SELECT count(*) FROM sqlite_master WHERE type = "index" AND tbl_name = "email" AND name = "idx_folder_id"

2026/03/16 15:56:53 [32mC:/Users/Lusheng/GolandProjects/new-email/internal/svc/service_context.go:194
[0m[33m[0.000ms] [34;1m[rows:-][0m SELECT count(*) FROM sqlite_master WHERE type = "index" AND tbl_name = "email" AND name = "idx_email_deleted_at"

2026/03/16 15:56:53 [32mC:/Users/Lusheng/GolandProjects/new-email/internal/svc/service_context.go:194
[0m[33m[0.521ms] [34;1m[rows:-][0m SELECT count(*) FROM sqlite_master WHERE type='table' AND name="email_attachment"

2026/03/16 15:56:53 [32mC:/Users/Lusheng/GolandProjects/new-email/internal/svc/service_context.go:194
[0m[33m[0.000ms] [34;1m[rows:2][0m SELECT sql FROM sqlite_master WHERE type IN ("table","index") AND tbl_name = "email_attachment" AND sql IS NOT NULL order by type = "table" desc

2026/03/16 15:56:53 [32mC:/Users/Lusheng/GolandProjects/new-email/internal/svc/service_context.go:194
[0m[33m[0.000ms] [34;1m[rows:-][0m SELECT * FROM `email_attachment` LIMIT 1

2026/03/16 15:56:53 [32mC:/Users/Lusheng/GolandProjects/new-email/internal/svc/service_context.go:194
[0m[33m[0.000ms] [34;1m[rows:-][0m SELECT count(*) FROM sqlite_master WHERE type = "index" AND tbl_name = "email_attachment" AND name = "idx_email_attachment_email_id"

2026/03/16 15:56:53 [32mC:/Users/Lusheng/GolandProjects/new-email/internal/svc/service_context.go:194
[0m[33m[0.000ms] [34;1m[rows:-][0m SELECT count(*) FROM sqlite_master WHERE type='table' AND name="api_key"

2026/03/16 15:56:53 [32mC:/Users/Lusheng/GolandProjects/new-email/internal/svc/service_context.go:194
[0m[33m[0.000ms] [34;1m[rows:4][0m SELECT sql FROM sqlite_master WHERE type IN ("table","index") AND tbl_name = "api_key" AND sql IS NOT NULL order by type = "table" desc

2026/03/16 15:56:53 [32mC:/Users/Lusheng/GolandProjects/new-email/internal/svc/service_context.go:194
[0m[33m[0.000ms] [34;1m[rows:-][0m SELECT * FROM `api_key` LIMIT 1

2026/03/16 15:56:53 [32mC:/Users/Lusheng/GolandProjects/new-email/internal/svc/service_context.go:194
[0m[33m[0.000ms] [34;1m[rows:-][0m SELECT count(*) FROM sqlite_master WHERE type = "index" AND tbl_name = "api_key" AND name = "idx_api_key_user_id"

2026/03/16 15:56:53 [32mC:/Users/Lusheng/GolandProjects/new-email/internal/svc/service_context.go:194
[0m[33m[0.000ms] [34;1m[rows:-][0m SELECT count(*) FROM sqlite_master WHERE type = "index" AND tbl_name = "api_key" AND name = "idx_api_key_key"

2026/03/16 15:56:53 [32mC:/Users/Lusheng/GolandProjects/new-email/internal/svc/service_context.go:194
[0m[33m[0.000ms] [34;1m[rows:-][0m SELECT count(*) FROM sqlite_master WHERE type = "index" AND tbl_name = "api_key" AND name = "idx_api_key_deleted_at"

2026/03/16 15:56:53 [32mC:/Users/Lusheng/GolandProjects/new-email/internal/svc/service_context.go:219
[0m[33m[0.000ms] [34;1m[rows:1][0m SELECT count(*) FROM `admin` WHERE (role = "admin" AND status = 1) AND `admin`.`deleted_at` IS NULL

2026/03/16 15:56:53 [32mC:/Users/Lusheng/GolandProjects/new-email/internal/svc/service_context.go:243
[0m[33m[0.000ms] [34;1m[rows:1][0m SELECT count(*) FROM `domain` WHERE name = "email.host" AND `domain`.`deleted_at` IS NULL

2026/03/16 15:56:53 [32mC:/Users/Lusheng/GolandProjects/new-email/internal/svc/service_context.go:266
[0m[33m[0.000ms] [34;1m[rows:1][0m SELECT * FROM `domain` WHERE name = "email.host" AND `domain`.`deleted_at` IS NULL ORDER BY `domain`.`id` LIMIT 1

2026/03/16 15:56:53 [32mC:/Users/Lusheng/GolandProjects/new-email/internal/svc/service_context.go:274
[0m[33m[0.000ms] [34;1m[rows:1][0m SELECT count(*) FROM `mailbox` WHERE email = "test@email.host" AND `mailbox`.`deleted_at` IS NULL
[GIN-debug] GET    /api/health               --> github.com/rankgice/new-email/internal/router.SetupRouter.func1 (4 handlers)
[GIN-debug] GET    /                         --> github.com/rankgice/new-email/internal/router.SetupRouter.func2 (4 handlers)
[GIN-debug] POST   /api/public/user/register --> github.com/rankgice/new-email/internal/handler.(*UserHandler).Register-fm (4 handlers)
[GIN-debug] POST   /api/public/user/login    --> github.com/rankgice/new-email/internal/handler.(*UserHandler).Login-fm (4 handlers)
[GIN-debug] POST   /api/public/admin/login   --> github.com/rankgice/new-email/internal/handler.(*AdminHandler).Login-fm (4 handlers)
[GIN-debug] POST   /api/public/send-code     --> github.com/rankgice/new-email/internal/handler.(*CommonHandler).SendCode-fm (4 handlers)
[GIN-debug] GET    /api/user/profile         --> github.com/rankgice/new-email/internal/handler.(*UserHandler).GetProfile-fm (5 handlers)
[GIN-debug] PUT    /api/user/profile         --> github.com/rankgice/new-email/internal/handler.(*UserHandler).UpdateProfile-fm (5 handlers)
[GIN-debug] POST   /api/user/change-password --> github.com/rankgice/new-email/internal/handler.(*UserHandler).ChangePassword-fm (5 handlers)
[GIN-debug] GET    /api/user/mailboxes       --> github.com/rankgice/new-email/internal/handler.(*MailboxHandler).List-fm (5 handlers)
[GIN-debug] POST   /api/user/mailboxes       --> github.com/rankgice/new-email/internal/handler.(*MailboxHandler).Create-fm (5 handlers)
[GIN-debug] PUT    /api/user/mailboxes/:id   --> github.com/rankgice/new-email/internal/handler.(*MailboxHandler).Update-fm (5 handlers)
[GIN-debug] DELETE /api/user/mailboxes/:id   --> github.com/rankgice/new-email/internal/handler.(*MailboxHandler).Delete-fm (5 handlers)
[GIN-debug] GET    /api/user/mailboxes/stats --> github.com/rankgice/new-email/internal/handler.(*MailboxHandler).GetStats-fm (5 handlers)
[GIN-debug] GET    /api/user/mailboxes/:id   --> github.com/rankgice/new-email/internal/handler.(*MailboxHandler).GetById-fm (5 handlers)
[GIN-debug] POST   /api/user/mailboxes/:id/test --> github.com/rankgice/new-email/internal/handler.(*MailboxHandler).TestConnection-fm (5 handlers)
[GIN-debug] POST   /api/user/mailboxes/:id/sync --> github.com/rankgice/new-email/internal/handler.(*MailboxHandler).Sync-fm (5 handlers)
[GIN-debug] GET    /api/user/emails          --> github.com/rankgice/new-email/internal/handler.(*EmailHandler).List-fm (5 handlers)
[GIN-debug] GET    /api/user/emails/:id      --> github.com/rankgice/new-email/internal/handler.(*EmailHandler).GetById-fm (5 handlers)
[GIN-debug] POST   /api/user/emails/send     --> github.com/rankgice/new-email/internal/handler.(*EmailHandler).Send-fm (5 handlers)
[GIN-debug] PUT    /api/user/emails/:id/read --> github.com/rankgice/new-email/internal/handler.(*EmailHandler).MarkRead-fm (5 handlers)
[GIN-debug] PUT    /api/user/emails/:id/star --> github.com/rankgice/new-email/internal/handler.(*EmailHandler).MarkStar-fm (5 handlers)
[GIN-debug] DELETE /api/user/emails/:id      --> github.com/rankgice/new-email/internal/handler.(*EmailHandler).Delete-fm (5 handlers)
[GIN-debug] POST   /api/user/emails/batch    --> github.com/rankgice/new-email/internal/handler.(*EmailHandler).BatchOperation-fm (5 handlers)
[GIN-debug] GET    /api/user/emails/export   --> github.com/rankgice/new-email/internal/handler.(*EmailHandler).Export-fm (5 handlers)
[GIN-debug] GET    /api/user/emails/download/:filename --> github.com/rankgice/new-email/internal/handler.(*EmailHandler).Download-fm (5 handlers)
[GIN-debug] GET    /api/user/api-keys        --> github.com/rankgice/new-email/internal/handler.(*ApiKeyHandler).List-fm (5 handlers)
[GIN-debug] POST   /api/user/api-keys        --> github.com/rankgice/new-email/internal/handler.(*ApiKeyHandler).Create-fm (5 handlers)
[GIN-debug] PUT    /api/user/api-keys/:id    --> github.com/rankgice/new-email/internal/handler.(*ApiKeyHandler).Update-fm (5 handlers)
[GIN-debug] DELETE /api/user/api-keys/:id    --> github.com/rankgice/new-email/internal/handler.(*ApiKeyHandler).Delete-fm (5 handlers)
[GIN-debug] GET    /api/admin/profile        --> github.com/rankgice/new-email/internal/handler.(*AdminHandler).GetProfile-fm (5 handlers)
[GIN-debug] PUT    /api/admin/profile        --> github.com/rankgice/new-email/internal/handler.(*AdminHandler).UpdateProfile-fm (5 handlers)
[GIN-debug] POST   /api/admin/change-password --> github.com/rankgice/new-email/internal/handler.(*AdminHandler).ChangePassword-fm (5 handlers)
[GIN-debug] GET    /api/admin/system/settings --> github.com/rankgice/new-email/internal/handler.(*AdminHandler).GetSystemSettings-fm (5 handlers)
[GIN-debug] PUT    /api/admin/system/settings --> github.com/rankgice/new-email/internal/handler.(*AdminHandler).UpdateSystemSettings-fm (5 handlers)
[GIN-debug] GET    /api/admin/users          --> github.com/rankgice/new-email/internal/handler.(*AdminHandler).List-fm (5 handlers)
[GIN-debug] GET    /api/admin/users/:id      --> github.com/rankgice/new-email/internal/handler.(*AdminHandler).GetById-fm (5 handlers)
[GIN-debug] POST   /api/admin/users          --> github.com/rankgice/new-email/internal/handler.(*AdminHandler).Create-fm (5 handlers)
[GIN-debug] PUT    /api/admin/users/:id      --> github.com/rankgice/new-email/internal/handler.(*AdminHandler).Update-fm (5 handlers)
[GIN-debug] DELETE /api/admin/users/:id      --> github.com/rankgice/new-email/internal/handler.(*AdminHandler).Delete-fm (5 handlers)
[GIN-debug] POST   /api/admin/users/batch    --> github.com/rankgice/new-email/internal/handler.(*AdminHandler).BatchOperationUsers-fm (5 handlers)
[GIN-debug] POST   /api/admin/users/import   --> github.com/rankgice/new-email/internal/handler.(*AdminHandler).ImportUsers-fm (5 handlers)
[GIN-debug] GET    /api/admin/users/export   --> github.com/rankgice/new-email/internal/handler.(*AdminHandler).ExportUsers-fm (5 handlers)
[GIN-debug] GET    /api/admin/admins         --> github.com/rankgice/new-email/internal/handler.(*AdminHandler).ListAdmins-fm (6 handlers)
[GIN-debug] POST   /api/admin/admins         --> github.com/rankgice/new-email/internal/handler.(*AdminHandler).CreateAdmin-fm (6 handlers)
[GIN-debug] PUT    /api/admin/admins/:id     --> github.com/rankgice/new-email/internal/handler.(*AdminHandler).UpdateAdmin-fm (6 handlers)
[GIN-debug] DELETE /api/admin/admins/:id     --> github.com/rankgice/new-email/internal/handler.(*AdminHandler).DeleteAdmin-fm (6 handlers)
[GIN-debug] POST   /api/admin/admins/batch   --> github.com/rankgice/new-email/internal/handler.(*AdminHandler).BatchOperationAdmins-fm (6 handlers)
[GIN-debug] GET    /api/admin/domains        --> github.com/rankgice/new-email/internal/handler.(*DomainHandler).List-fm (5 handlers)
[GIN-debug] POST   /api/admin/domains        --> github.com/rankgice/new-email/internal/handler.(*DomainHandler).Create-fm (5 handlers)
[GIN-debug] PUT    /api/admin/domains/:id    --> github.com/rankgice/new-email/internal/handler.(*DomainHandler).Update-fm (5 handlers)
[GIN-debug] DELETE /api/admin/domains/:id    --> github.com/rankgice/new-email/internal/handler.(*DomainHandler).Delete-fm (5 handlers)
[GIN-debug] POST   /api/admin/domains/:id/verify --> github.com/rankgice/new-email/internal/handler.(*DomainHandler).Verify-fm (5 handlers)
[GIN-debug] POST   /api/admin/domains/batch  --> github.com/rankgice/new-email/internal/handler.(*DomainHandler).BatchOperation-fm (5 handlers)
[GIN-debug] GET    /api/admin/settings       --> github.com/rankgice/new-email/internal/handler.(*AdminHandler).GetSystemSettings-fm (5 handlers)
[GIN-debug] PUT    /api/admin/settings       --> github.com/rankgice/new-email/internal/handler.(*AdminHandler).UpdateSystemSettings-fm (5 handlers)
[GIN-debug] GET    /api/v1/emails/:id        --> github.com/rankgice/new-email/internal/handler.(*ApiHandler).GetEmail-fm (5 handlers)
[GIN-debug] POST   /api/v1/emails/send       --> github.com/rankgice/new-email/internal/handler.(*ApiHandler).SendEmail-fm (5 handlers)

2026/03/16 15:56:53 [32mC:/Users/Lusheng/GolandProjects/new-email/internal/model/mailbox.go:102
[0m[33m[0.000ms] [34;1m[rows:1][0m SELECT * FROM `mailbox` WHERE `mailbox`.`deleted_at` IS NULL ORDER BY created_at DESC

2026/03/16 15:56:53 [32mC:/Users/Lusheng/GolandProjects/new-email/internal/model/folder.go:66
[0m[33m[0.000ms] [34;1m[rows:1][0m SELECT * FROM `folders` WHERE (mailbox_id = 1 AND name = "INBOX") AND parent_id IS NULL AND `folders`.`deleted_at` IS NULL ORDER BY `folders`.`id` LIMIT 1

2026/03/16 15:56:53 [32mC:/Users/Lusheng/GolandProjects/new-email/internal/model/folder.go:66
[0m[33m[0.000ms] [34;1m[rows:1][0m SELECT * FROM `folders` WHERE (mailbox_id = 1 AND name = "Sent") AND parent_id IS NULL AND `folders`.`deleted_at` IS NULL ORDER BY `folders`.`id` LIMIT 1

2026/03/16 15:56:53 [32mC:/Users/Lusheng/GolandProjects/new-email/internal/model/folder.go:66
[0m[33m[0.000ms] [34;1m[rows:1][0m SELECT * FROM `folders` WHERE (mailbox_id = 1 AND name = "Drafts") AND parent_id IS NULL AND `folders`.`deleted_at` IS NULL ORDER BY `folders`.`id` LIMIT 1

2026/03/16 15:56:53 [32mC:/Users/Lusheng/GolandProjects/new-email/internal/model/folder.go:66
[0m[33m[0.000ms] [34;1m[rows:1][0m SELECT * FROM `folders` WHERE (mailbox_id = 1 AND name = "Trash") AND parent_id IS NULL AND `folders`.`deleted_at` IS NULL ORDER BY `folders`.`id` LIMIT 1

2026/03/16 15:56:54 [32mC:/Users/Lusheng/GolandProjects/new-email/internal/model/mailbox.go:150
[0m[33m[0.000ms] [34;1m[rows:1][0m SELECT * FROM `mailbox` WHERE email = "test@email.host" AND `mailbox`.`deleted_at` IS NULL ORDER BY `mailbox`.`id` LIMIT 1

2026/03/16 15:56:54 [32mC:/Users/Lusheng/GolandProjects/new-email/internal/model/mailbox.go:150
[0m[33m[0.000ms] [34;1m[rows:1][0m SELECT * FROM `mailbox` WHERE email = "test@email.host" AND `mailbox`.`deleted_at` IS NULL ORDER BY `mailbox`.`id` LIMIT 1

2026/03/16 15:56:54 [32mC:/Users/Lusheng/GolandProjects/new-email/internal/model/mailbox.go:150
[0m[33m[0.000ms] [34;1m[rows:1][0m SELECT * FROM `mailbox` WHERE email = "test@email.host" AND `mailbox`.`deleted_at` IS NULL ORDER BY `mailbox`.`id` LIMIT 1
[GIN-debug] [WARNING] You trusted all proxies, this is NOT safe. We recommend you to set a value.
Please check https://pkg.go.dev/github.com/gin-gonic/gin#readme-don-t-trust-all-proxies for details.
[GIN-debug] Listening and serving HTTP on :18080

2026/03/16 15:57:19 [32mC:/Users/Lusheng/GolandProjects/new-email/internal/model/mailbox.go:150
[0m[33m[0.000ms] [34;1m[rows:1][0m SELECT * FROM `mailbox` WHERE email = "test@email.host" AND `mailbox`.`deleted_at` IS NULL ORDER BY `mailbox`.`id` LIMIT 1
[GIN] 2026/03/16 - 15:57:19 | 200 |            0s |       127.0.0.1 | GET      "/api/health"

2026/03/16 15:57:19 [32mC:/Users/Lusheng/GolandProjects/new-email/internal/model/mailbox.go:150
[0m[33m[0.000ms] [34;1m[rows:1][0m SELECT * FROM `mailbox` WHERE email = "test@email.host" AND `mailbox`.`deleted_at` IS NULL ORDER BY `mailbox`.`id` LIMIT 1

2026/03/16 15:57:19 [32mC:/Users/Lusheng/GolandProjects/new-email/internal/model/folder.go:79
[0m[33m[1.009ms] [34;1m[rows:4][0m SELECT * FROM `folders` WHERE mailbox_id = 1 AND `folders`.`deleted_at` IS NULL

2026/03/16 15:57:19 [32mC:/Users/Lusheng/GolandProjects/new-email/internal/model/mailbox.go:150
[0m[33m[0.578ms] [34;1m[rows:1][0m SELECT * FROM `mailbox` WHERE email = "test@email.host" AND `mailbox`.`deleted_at` IS NULL ORDER BY `mailbox`.`id` LIMIT 1

2026/03/16 15:57:20 [32mC:/Users/Lusheng/GolandProjects/new-email/internal/model/mailbox.go:150
[0m[33m[0.555ms] [34;1m[rows:1][0m SELECT * FROM `mailbox` WHERE email = "test@email.host" AND `mailbox`.`deleted_at` IS NULL ORDER BY `mailbox`.`id` LIMIT 1

2026/03/16 15:57:20 [32mC:/Users/Lusheng/GolandProjects/new-email/internal/model/folder.go:66
[0m[33m[0.524ms] [34;1m[rows:1][0m SELECT * FROM `folders` WHERE (mailbox_id = 1 AND name = "INBOX") AND parent_id IS NULL AND `folders`.`deleted_at` IS NULL ORDER BY `folders`.`id` LIMIT 1

2026/03/16 15:57:20 [32mC:/Users/Lusheng/GolandProjects/new-email/internal/model/mailbox.go:150
[0m[33m[0.000ms] [34;1m[rows:1][0m SELECT * FROM `mailbox` WHERE email = "test@email.host" AND `mailbox`.`deleted_at` IS NULL ORDER BY `mailbox`.`id` LIMIT 1

2026/03/16 15:57:20 [32mC:/Users/Lusheng/GolandProjects/new-email/internal/model/folder.go:66
[0m[33m[0.000ms] [34;1m[rows:1][0m SELECT * FROM `folders` WHERE (mailbox_id = 1 AND name = "INBOX") AND parent_id IS NULL AND `folders`.`deleted_at` IS NULL ORDER BY `folders`.`id` LIMIT 1

2026/03/16 15:57:20 [32mC:/Users/Lusheng/GolandProjects/new-email/internal/model/email.go:237
[0m[33m[0.000ms] [34;1m[rows:8][0m SELECT * FROM `email` WHERE folder_id = 1 AND `email`.`deleted_at` IS NULL ORDER BY received_at DESC
